mode: set
latihan/coba-project/usecase/loan/loan.go:12.93,16.2 1 1
latihan/coba-project/usecase/loan/loan.go:18.99,21.2 2 1
latihan/coba-project/usecase/loan/loan.go:22.58,25.2 2 1
latihan/coba-project/usecase/auth/auth.go:9.92,13.2 1 1
latihan/coba-project/usecase/auth/auth.go:14.78,17.2 2 1
latihan/coba-project/usecase/book/book.go:12.92,16.2 1 1
latihan/coba-project/usecase/book/book.go:18.60,21.2 2 1
latihan/coba-project/usecase/book/book.go:22.70,25.2 2 1
latihan/coba-project/usecase/book/book.go:26.68,29.2 2 1
latihan/coba-project/usecase/book/book.go:30.81,33.2 2 1
latihan/coba-project/usecase/book/book.go:34.91,38.2 3 1
latihan/coba-project/usecase/retur/retur.go:12.98,16.2 1 1
latihan/coba-project/usecase/retur/retur.go:18.102,21.2 2 1
latihan/coba-project/usecase/user/user.go:12.92,16.2 1 1
latihan/coba-project/usecase/user/user.go:18.60,21.2 2 1
latihan/coba-project/usecase/user/user.go:23.70,26.2 2 1
latihan/coba-project/usecase/user/user.go:28.68,31.2 2 1
latihan/coba-project/usecase/user/user.go:32.81,35.2 2 1
latihan/coba-project/usecase/user/user.go:36.91,40.2 3 1
